This is pdfTeX, Version 3.14159265-2.6-1.40.17 (TeX Live 2016) (preloaded format=pdflatex 2016.5.22)  22 FEB 2019 17:13
entering extended mode
 restricted \write18 enabled.
 %&-line parsing enabled.
**research_proposal.tex
(./research_proposal.tex
LaTeX2e <2016/03/31>
Babel <3.9r> and hyphenation patterns for 83 language(s) loaded.
(/usr/local/texlive/2016/texmf-dist/tex/latex/base/article.cls
Document Class: article 2014/09/29 v1.4h Standard LaTeX document class
(/usr/local/texlive/2016/texmf-dist/tex/latex/base/size11.clo
File: size11.clo 2014/09/29 v1.4h Standard LaTeX file (size option)
)
\c@part=\count79
\c@section=\count80
\c@subsection=\count81
\c@subsubsection=\count82
\c@paragraph=\count83
\c@subparagraph=\count84
\c@figure=\count85
\c@table=\count86
\abovecaptionskip=\skip41
\belowcaptionskip=\skip42
\bibindent=\dimen102
)
(/usr/local/texlive/2016/texmf-dist/tex/latex/biblatex/biblatex.sty
Package: biblatex 2016/05/14 v3.4 programmable bibliographies (PK/JW/AB)

(/usr/local/texlive/2016/texmf-dist/tex/generic/iftex/iftex.sty
Package: iftex 2013/04/04 v0.2 Provides if(tex) conditional for PDFTeX, XeTeX, 
and LuaTeX
)
(/usr/local/texlive/2016/texmf-dist/tex/generic/oberdiek/pdftexcmds.sty
Package: pdftexcmds 2016/05/10 v0.21 Utility functions of pdfTeX for LuaTeX (HO
)

(/usr/local/texlive/2016/texmf-dist/tex/generic/oberdiek/infwarerr.sty
Package: infwarerr 2016/05/16 v1.4 Providing info/warning/error messages (HO)
)
(/usr/local/texlive/2016/texmf-dist/tex/generic/oberdiek/ifluatex.sty
Package: ifluatex 2016/05/16 v1.4 Provides the ifluatex switch (HO)
Package ifluatex Info: LuaTeX not detected.
)
(/usr/local/texlive/2016/texmf-dist/tex/generic/oberdiek/ltxcmds.sty
Package: ltxcmds 2016/05/16 v1.23 LaTeX kernel commands for general use (HO)
)
(/usr/local/texlive/2016/texmf-dist/tex/generic/oberdiek/ifpdf.sty
Package: ifpdf 2016/05/14 v3.1 Provides the ifpdf switch
)
Package pdftexcmds Info: LuaTeX not detected.
Package pdftexcmds Info: \pdf@primitive is available.
Package pdftexcmds Info: \pdf@ifprimitive is available.
Package pdftexcmds Info: \pdfdraftmode found.
)
(/usr/local/texlive/2016/texmf-dist/tex/latex/etoolbox/etoolbox.sty
Package: etoolbox 2015/08/02 v2.2a e-TeX tools for LaTeX (JAW)
\etb@tempcnta=\count87
)
(/usr/local/texlive/2016/texmf-dist/tex/latex/graphics/keyval.sty
Package: keyval 2014/10/28 v1.15 key=value parser (DPC)
\KV@toks@=\toks14
)
(/usr/local/texlive/2016/texmf-dist/tex/latex/oberdiek/kvoptions.sty
Package: kvoptions 2016/05/16 v3.12 Key value format for package options (HO)

(/usr/local/texlive/2016/texmf-dist/tex/generic/oberdiek/kvsetkeys.sty
Package: kvsetkeys 2016/05/16 v1.17 Key value parser (HO)

(/usr/local/texlive/2016/texmf-dist/tex/generic/oberdiek/etexcmds.sty
Package: etexcmds 2016/05/16 v1.6 Avoid name clashes with e-TeX commands (HO)
Package etexcmds Info: Could not find \expanded.
(etexcmds)             That can mean that you are not using pdfTeX 1.50 or
(etexcmds)             that some package has redefined \expanded.
(etexcmds)             In the latter case, load this package earlier.
)))
(/usr/local/texlive/2016/texmf-dist/tex/latex/logreq/logreq.sty
Package: logreq 2010/08/04 v1.0 xml request logger
\lrq@indent=\count88

(/usr/local/texlive/2016/texmf-dist/tex/latex/logreq/logreq.def
File: logreq.def 2010/08/04 v1.0 logreq spec v1.0
))
(/usr/local/texlive/2016/texmf-dist/tex/latex/base/ifthen.sty
Package: ifthen 2014/09/29 v1.1c Standard LaTeX ifthen package (DPC)
)
(/usr/local/texlive/2016/texmf-dist/tex/latex/url/url.sty
\Urlmuskip=\muskip10
Package: url 2013/09/16  ver 3.4  Verb mode for urls, etc.
)
(/usr/local/texlive/2016/texmf-dist/tex/generic/xstring/xstring.sty
(/usr/local/texlive/2016/texmf-dist/tex/generic/xstring/xstring.tex
\@xs@message=\write3
\integerpart=\count89
\decimalpart=\count90
)
Package: xstring 2013/10/13  v1.7c  String manipulations (C Tellechea)
)
\c@tabx@nest=\count91
\c@listtotal=\count92
\c@listcount=\count93
\c@liststart=\count94
\c@liststop=\count95
\c@citecount=\count96
\c@citetotal=\count97
\c@multicitecount=\count98
\c@multicitetotal=\count99
\c@instcount=\count100
\c@maxnames=\count101
\c@minnames=\count102
\c@maxitems=\count103
\c@minitems=\count104
\c@citecounter=\count105
\c@savedcitecounter=\count106
\c@uniquelist=\count107
\c@uniquename=\count108
\c@refsection=\count109
\c@refsegment=\count110
\c@maxextratitle=\count111
\c@maxextratitleyear=\count112
\c@maxextrayear=\count113
\c@maxextraalpha=\count114
\c@abbrvpenalty=\count115
\c@highnamepenalty=\count116
\c@lownamepenalty=\count117
\c@maxparens=\count118
\c@parenlevel=\count119
\blx@tempcnta=\count120
\blx@tempcntb=\count121
\blx@tempcntc=\count122
\blx@maxsection=\count123
\blx@maxsegment@0=\count124
\blx@notetype=\count125
\blx@parenlevel@text=\count126
\blx@parenlevel@foot=\count127
\blx@sectionciteorder@0=\count128
\labelnumberwidth=\skip43
\labelalphawidth=\skip44
\biblabelsep=\skip45
\bibitemsep=\skip46
\bibnamesep=\skip47
\bibinitsep=\skip48
\bibparsep=\skip49
\bibhang=\skip50
\blx@bcfin=\read1
\blx@bcfout=\write4
\c@mincomprange=\count129
\c@maxcomprange=\count130
\c@mincompwidth=\count131
Package biblatex Info: Trying to load biblatex default data model...
Package biblatex Info: ... file 'blx-dm.def' found.

(/usr/local/texlive/2016/texmf-dist/tex/latex/biblatex/blx-dm.def)
Package biblatex Info: Trying to load biblatex citestyle data model...
Package biblatex Info: ... file 'authoryear.dbx' not found.
Package biblatex Info: Trying to load biblatex bibstyle data model...
Package biblatex Info: ... file 'phys.dbx' not found.
Package biblatex Info: Trying to load biblatex custom data model...
Package biblatex Info: ... file 'biblatex-dm.cfg' not found.
\c@afterword=\count132
\c@savedafterword=\count133
\c@annotator=\count134
\c@savedannotator=\count135
\c@author=\count136
\c@savedauthor=\count137
\c@bookauthor=\count138
\c@savedbookauthor=\count139
\c@commentator=\count140
\c@savedcommentator=\count141
\c@editor=\count142
\c@savededitor=\count143
\c@editora=\count144
\c@savededitora=\count145
\c@editorb=\count146
\c@savededitorb=\count147
\c@editorc=\count148
\c@savededitorc=\count149
\c@foreword=\count150
\c@savedforeword=\count151
\c@holder=\count152
\c@savedholder=\count153
\c@introduction=\count154
\c@savedintroduction=\count155
\c@namea=\count156
\c@savednamea=\count157
\c@nameb=\count158
\c@savednameb=\count159
\c@namec=\count160
\c@savednamec=\count161
\c@translator=\count162
\c@savedtranslator=\count163
\c@shortauthor=\count164
\c@savedshortauthor=\count165
\c@shorteditor=\count166
\c@savedshorteditor=\count167
\c@labelname=\count168
\c@savedlabelname=\count169
\c@institution=\count170
\c@savedinstitution=\count171
\c@lista=\count172
\c@savedlista=\count173
\c@listb=\count174
\c@savedlistb=\count175
\c@listc=\count176
\c@savedlistc=\count177
\c@listd=\count178
\c@savedlistd=\count179
\c@liste=\count180
\c@savedliste=\count181
\c@listf=\count182
\c@savedlistf=\count183
\c@location=\count184
\c@savedlocation=\count185
\c@organization=\count186
\c@savedorganization=\count187
\c@origlocation=\count188
\c@savedoriglocation=\count189
\c@origpublisher=\count190
\c@savedorigpublisher=\count191
\c@publisher=\count192
\c@savedpublisher=\count193
\c@language=\count194
\c@savedlanguage=\count195
\c@pageref=\count196
\c@savedpageref=\count197
\shorthandwidth=\skip51
\shortjournalwidth=\skip52
\shortserieswidth=\skip53
\shorttitlewidth=\skip54
\shortauthorwidth=\skip55
\shorteditorwidth=\skip56
Package biblatex Info: Trying to load compatibility code...
Package biblatex Info: ... file 'blx-compat.def' found.

(/usr/local/texlive/2016/texmf-dist/tex/latex/biblatex/blx-compat.def
File: blx-compat.def 2016/05/14 v3.4 biblatex compatibility (PK/JW/AB)
)
Package biblatex Info: Trying to load BibTeX backend compatibility...
Package biblatex Info: ... file 'blx-bibtex.def' found.

(/usr/local/texlive/2016/texmf-dist/tex/latex/biblatex/blx-bibtex.def
File: blx-bibtex.def 2016/05/14 v3.4 biblatex compatibility (PK/JW/AB)


Package biblatex Warning: Using fall-back BibTeX(8) backend:
(biblatex)                functionality may be reduced/unavailable.

)
Package biblatex Info: Trying to load generic definitions...
Package biblatex Info: ... file 'biblatex.def' found.
 (/usr/local/texlive/2016/texmf-dist/tex/latex/biblatex/biblatex.def
File: biblatex.def 2016/05/14 v3.4 biblatex compatibility (PK/JW/AB)
\c@textcitecount=\count198
\c@textcitetotal=\count199
\c@textcitemaxnames=\count266
\c@biburlnumpenalty=\count267
\c@biburlucpenalty=\count268
\c@biburllcpenalty=\count269
\c@smartand=\count270
)
Package biblatex Info: Trying to load natbib compatibility...
Package biblatex Info: ... file 'blx-natbib.def' found.

(/usr/local/texlive/2016/texmf-dist/tex/latex/biblatex/blx-natbib.def
File: blx-natbib.def 2016/05/14 v3.4 biblatex compatibility (PK/JW/AB)
)
Package biblatex Info: Trying to load bibliography style 'phys'...
Package biblatex Info: ... file 'phys.bbx' found.

(/usr/local/texlive/2016/texmf-dist/tex/latex/biblatex-phys/phys.bbx
File: phys.bbx 2016/03/13 v1.0a biblatex bibliography style
Package biblatex Info: Trying to load bibliography style 'numeric-comp'...
Package biblatex Info: ... file 'numeric-comp.bbx' found.

(/usr/local/texlive/2016/texmf-dist/tex/latex/biblatex/bbx/numeric-comp.bbx
File: numeric-comp.bbx 2016/05/14 v3.4 biblatex bibliography style (PK/JW/AB)
Package biblatex Info: Trying to load bibliography style 'numeric'...
Package biblatex Info: ... file 'numeric.bbx' found.

(/usr/local/texlive/2016/texmf-dist/tex/latex/biblatex/bbx/numeric.bbx
File: numeric.bbx 2016/05/14 v3.4 biblatex bibliography style (PK/JW/AB)
Package biblatex Info: Trying to load bibliography style 'standard'...
Package biblatex Info: ... file 'standard.bbx' found.

(/usr/local/texlive/2016/texmf-dist/tex/latex/biblatex/bbx/standard.bbx
File: standard.bbx 2016/05/14 v3.4 biblatex bibliography style (PK/JW/AB)
\c@bbx:relatedcount=\count271
\c@bbx:relatedtotal=\count272
))))
Package biblatex Info: Trying to load citation style 'authoryear'...
Package biblatex Info: ... file 'authoryear.cbx' found.

(/usr/local/texlive/2016/texmf-dist/tex/latex/biblatex/cbx/authoryear.cbx
File: authoryear.cbx 2016/05/14 v3.4 biblatex citation style (PK/JW/AB)
Package biblatex Info: Redefining '\cite'.
Package biblatex Info: Redefining '\parencite'.
Package biblatex Info: Redefining '\footcite'.
Package biblatex Info: Redefining '\footcitetext'.
Package biblatex Info: Redefining '\smartcite'.
Package biblatex Info: Redefining '\textcite'.
Package biblatex Info: Redefining '\textcites'.
)
Package biblatex Info: Trying to load configuration file...
Package biblatex Info: ... file 'biblatex.cfg' found.

(/usr/local/texlive/2016/texmf-dist/tex/latex/biblatex/biblatex.cfg
File: biblatex.cfg 
))
(/usr/local/texlive/2016/texmf-dist/tex/latex/base/fontenc.sty
Package: fontenc 2005/09/27 v1.99g Standard LaTeX package

(/usr/local/texlive/2016/texmf-dist/tex/latex/base/t1enc.def
File: t1enc.def 2005/09/27 v1.99g Standard LaTeX file
LaTeX Font Info:    Redeclaring font encoding T1 on input line 48.
))
(/usr/local/texlive/2016/texmf-dist/tex/latex/base/inputenc.sty
Package: inputenc 2015/03/17 v1.2c Input encoding file
\inpenc@prehook=\toks15
\inpenc@posthook=\toks16

(/usr/local/texlive/2016/texmf-dist/tex/latex/base/utf8.def
File: utf8.def 2016/02/28 v1.1s UTF-8 support for inputenc
Now handling font encoding OML ...
... no UTF-8 mapping file for font encoding OML
Now handling font encoding T1 ...
... processing UTF-8 mapping file for font encoding T1

(/usr/local/texlive/2016/texmf-dist/tex/latex/base/t1enc.dfu
File: t1enc.dfu 2016/02/28 v1.1s UTF-8 support for inputenc
   defining Unicode char U+00A0 (decimal 160)
   defining Unicode char U+00A1 (decimal 161)
   defining Unicode char U+00A3 (decimal 163)
   defining Unicode char U+00AB (decimal 171)
   defining Unicode char U+00AD (decimal 173)
   defining Unicode char U+00BB (decimal 187)
   defining Unicode char U+00BF (decimal 191)
   defining Unicode char U+00C0 (decimal 192)
   defining Unicode char U+00C1 (decimal 193)
   defining Unicode char U+00C2 (decimal 194)
   defining Unicode char U+00C3 (decimal 195)
   defining Unicode char U+00C4 (decimal 196)
   defining Unicode char U+00C5 (decimal 197)
   defining Unicode char U+00C6 (decimal 198)
   defining Unicode char U+00C7 (decimal 199)
   defining Unicode char U+00C8 (decimal 200)
   defining Unicode char U+00C9 (decimal 201)
   defining Unicode char U+00CA (decimal 202)
   defining Unicode char U+00CB (decimal 203)
   defining Unicode char U+00CC (decimal 204)
   defining Unicode char U+00CD (decimal 205)
   defining Unicode char U+00CE (decimal 206)
   defining Unicode char U+00CF (decimal 207)
   defining Unicode char U+00D0 (decimal 208)
   defining Unicode char U+00D1 (decimal 209)
   defining Unicode char U+00D2 (decimal 210)
   defining Unicode char U+00D3 (decimal 211)
   defining Unicode char U+00D4 (decimal 212)
   defining Unicode char U+00D5 (decimal 213)
   defining Unicode char U+00D6 (decimal 214)
   defining Unicode char U+00D8 (decimal 216)
   defining Unicode char U+00D9 (decimal 217)
   defining Unicode char U+00DA (decimal 218)
   defining Unicode char U+00DB (decimal 219)
   defining Unicode char U+00DC (decimal 220)
   defining Unicode char U+00DD (decimal 221)
   defining Unicode char U+00DE (decimal 222)
   defining Unicode char U+00DF (decimal 223)
   defining Unicode char U+00E0 (decimal 224)
   defining Unicode char U+00E1 (decimal 225)
   defining Unicode char U+00E2 (decimal 226)
   defining Unicode char U+00E3 (decimal 227)
   defining Unicode char U+00E4 (decimal 228)
   defining Unicode char U+00E5 (decimal 229)
   defining Unicode char U+00E6 (decimal 230)
   defining Unicode char U+00E7 (decimal 231)
   defining Unicode char U+00E8 (decimal 232)
   defining Unicode char U+00E9 (decimal 233)
   defining Unicode char U+00EA (decimal 234)
   defining Unicode char U+00EB (decimal 235)
   defining Unicode char U+00EC (decimal 236)
   defining Unicode char U+00ED (decimal 237)
   defining Unicode char U+00EE (decimal 238)
   defining Unicode char U+00EF (decimal 239)
   defining Unicode char U+00F0 (decimal 240)
   defining Unicode char U+00F1 (decimal 241)
   defining Unicode char U+00F2 (decimal 242)
   defining Unicode char U+00F3 (decimal 243)
   defining Unicode char U+00F4 (decimal 244)
   defining Unicode char U+00F5 (decimal 245)
   defining Unicode char U+00F6 (decimal 246)
   defining Unicode char U+00F8 (decimal 248)
   defining Unicode char U+00F9 (decimal 249)
   defining Unicode char U+00FA (decimal 250)
   defining Unicode char U+00FB (decimal 251)
   defining Unicode char U+00FC (decimal 252)
   defining Unicode char U+00FD (decimal 253)
   defining Unicode char U+00FE (decimal 254)
   defining Unicode char U+00FF (decimal 255)
   defining Unicode char U+0100 (decimal 256)
   defining Unicode char U+0101 (decimal 257)
   defining Unicode char U+0102 (decimal 258)
   defining Unicode char U+0103 (decimal 259)
   defining Unicode char U+0104 (decimal 260)
   defining Unicode char U+0105 (decimal 261)
   defining Unicode char U+0106 (decimal 262)
   defining Unicode char U+0107 (decimal 263)
   defining Unicode char U+0108 (decimal 264)
   defining Unicode char U+0109 (decimal 265)
   defining Unicode char U+010A (decimal 266)
   defining Unicode char U+010B (decimal 267)
   defining Unicode char U+010C (decimal 268)
   defining Unicode char U+010D (decimal 269)
   defining Unicode char U+010E (decimal 270)
   defining Unicode char U+010F (decimal 271)
   defining Unicode char U+0110 (decimal 272)
   defining Unicode char U+0111 (decimal 273)
   defining Unicode char U+0112 (decimal 274)
   defining Unicode char U+0113 (decimal 275)
   defining Unicode char U+0114 (decimal 276)
   defining Unicode char U+0115 (decimal 277)
   defining Unicode char U+0116 (decimal 278)
   defining Unicode char U+0117 (decimal 279)
   defining Unicode char U+0118 (decimal 280)
   defining Unicode char U+0119 (decimal 281)
   defining Unicode char U+011A (decimal 282)
   defining Unicode char U+011B (decimal 283)
   defining Unicode char U+011C (decimal 284)
   defining Unicode char U+011D (decimal 285)
   defining Unicode char U+011E (decimal 286)
   defining Unicode char U+011F (decimal 287)
   defining Unicode char U+0120 (decimal 288)
   defining Unicode char U+0121 (decimal 289)
   defining Unicode char U+0122 (decimal 290)
   defining Unicode char U+0123 (decimal 291)
   defining Unicode char U+0124 (decimal 292)
   defining Unicode char U+0125 (decimal 293)
   defining Unicode char U+0128 (decimal 296)
   defining Unicode char U+0129 (decimal 297)
   defining Unicode char U+012A (decimal 298)
   defining Unicode char U+012B (decimal 299)
   defining Unicode char U+012C (decimal 300)
   defining Unicode char U+012D (decimal 301)
   defining Unicode char U+012E (decimal 302)
   defining Unicode char U+012F (decimal 303)
   defining Unicode char U+0130 (decimal 304)
   defining Unicode char U+0131 (decimal 305)
   defining Unicode char U+0132 (decimal 306)
   defining Unicode char U+0133 (decimal 307)
   defining Unicode char U+0134 (decimal 308)
   defining Unicode char U+0135 (decimal 309)
   defining Unicode char U+0136 (decimal 310)
   defining Unicode char U+0137 (decimal 311)
   defining Unicode char U+0139 (decimal 313)
   defining Unicode char U+013A (decimal 314)
   defining Unicode char U+013B (decimal 315)
   defining Unicode char U+013C (decimal 316)
   defining Unicode char U+013D (decimal 317)
   defining Unicode char U+013E (decimal 318)
   defining Unicode char U+0141 (decimal 321)
   defining Unicode char U+0142 (decimal 322)
   defining Unicode char U+0143 (decimal 323)
   defining Unicode char U+0144 (decimal 324)
   defining Unicode char U+0145 (decimal 325)
   defining Unicode char U+0146 (decimal 326)
   defining Unicode char U+0147 (decimal 327)
   defining Unicode char U+0148 (decimal 328)
   defining Unicode char U+014A (decimal 330)
   defining Unicode char U+014B (decimal 331)
   defining Unicode char U+014C (decimal 332)
   defining Unicode char U+014D (decimal 333)
   defining Unicode char U+014E (decimal 334)
   defining Unicode char U+014F (decimal 335)
   defining Unicode char U+0150 (decimal 336)
   defining Unicode char U+0151 (decimal 337)
   defining Unicode char U+0152 (decimal 338)
   defining Unicode char U+0153 (decimal 339)
   defining Unicode char U+0154 (decimal 340)
   defining Unicode char U+0155 (decimal 341)
   defining Unicode char U+0156 (decimal 342)
   defining Unicode char U+0157 (decimal 343)
   defining Unicode char U+0158 (decimal 344)
   defining Unicode char U+0159 (decimal 345)
   defining Unicode char U+015A (decimal 346)
   defining Unicode char U+015B (decimal 347)
   defining Unicode char U+015C (decimal 348)
   defining Unicode char U+015D (decimal 349)
   defining Unicode char U+015E (decimal 350)
   defining Unicode char U+015F (decimal 351)
   defining Unicode char U+0160 (decimal 352)
   defining Unicode char U+0161 (decimal 353)
   defining Unicode char U+0162 (decimal 354)
   defining Unicode char U+0163 (decimal 355)
   defining Unicode char U+0164 (decimal 356)
   defining Unicode char U+0165 (decimal 357)
   defining Unicode char U+0168 (decimal 360)
   defining Unicode char U+0169 (decimal 361)
   defining Unicode char U+016A (decimal 362)
   defining Unicode char U+016B (decimal 363)
   defining Unicode char U+016C (decimal 364)
   defining Unicode char U+016D (decimal 365)
   defining Unicode char U+016E (decimal 366)
   defining Unicode char U+016F (decimal 367)
   defining Unicode char U+0170 (decimal 368)
   defining Unicode char U+0171 (decimal 369)
   defining Unicode char U+0172 (decimal 370)
   defining Unicode char U+0173 (decimal 371)
   defining Unicode char U+0174 (decimal 372)
   defining Unicode char U+0175 (decimal 373)
   defining Unicode char U+0176 (decimal 374)
   defining Unicode char U+0177 (decimal 375)
   defining Unicode char U+0178 (decimal 376)
   defining Unicode char U+0179 (decimal 377)
   defining Unicode char U+017A (decimal 378)
   defining Unicode char U+017B (decimal 379)
   defining Unicode char U+017C (decimal 380)
   defining Unicode char U+017D (decimal 381)
   defining Unicode char U+017E (decimal 382)
   defining Unicode char U+01CD (decimal 461)
   defining Unicode char U+01CE (decimal 462)
   defining Unicode char U+01CF (decimal 463)
   defining Unicode char U+01D0 (decimal 464)
   defining Unicode char U+01D1 (decimal 465)
   defining Unicode char U+01D2 (decimal 466)
   defining Unicode char U+01D3 (decimal 467)
   defining Unicode char U+01D4 (decimal 468)
   defining Unicode char U+01E2 (decimal 482)
   defining Unicode char U+01E3 (decimal 483)
   defining Unicode char U+01E6 (decimal 486)
   defining Unicode char U+01E7 (decimal 487)
   defining Unicode char U+01E8 (decimal 488)
   defining Unicode char U+01E9 (decimal 489)
   defining Unicode char U+01EA (decimal 490)
   defining Unicode char U+01EB (decimal 491)
   defining Unicode char U+01F0 (decimal 496)
   defining Unicode char U+01F4 (decimal 500)
   defining Unicode char U+01F5 (decimal 501)
   defining Unicode char U+0218 (decimal 536)
   defining Unicode char U+0219 (decimal 537)
   defining Unicode char U+021A (decimal 538)
   defining Unicode char U+021B (decimal 539)
   defining Unicode char U+1E02 (decimal 7682)
   defining Unicode char U+1E03 (decimal 7683)
   defining Unicode char U+200C (decimal 8204)
   defining Unicode char U+2010 (decimal 8208)
   defining Unicode char U+2011 (decimal 8209)
   defining Unicode char U+2012 (decimal 8210)
   defining Unicode char U+2013 (decimal 8211)
   defining Unicode char U+2014 (decimal 8212)
   defining Unicode char U+2015 (decimal 8213)
   defining Unicode char U+2018 (decimal 8216)
   defining Unicode char U+2019 (decimal 8217)
   defining Unicode char U+201A (decimal 8218)
   defining Unicode char U+201C (decimal 8220)
   defining Unicode char U+201D (decimal 8221)
   defining Unicode char U+201E (decimal 8222)
   defining Unicode char U+2030 (decimal 8240)
   defining Unicode char U+2031 (decimal 8241)
   defining Unicode char U+2039 (decimal 8249)
   defining Unicode char U+203A (decimal 8250)
   defining Unicode char U+2423 (decimal 9251)
)
Now handling font encoding OT1 ...
... processing UTF-8 mapping file for font encoding OT1

(/usr/local/texlive/2016/texmf-dist/tex/latex/base/ot1enc.dfu
File: ot1enc.dfu 2016/02/28 v1.1s UTF-8 support for inputenc
   defining Unicode char U+00A0 (decimal 160)
   defining Unicode char U+00A1 (decimal 161)
   defining Unicode char U+00A3 (decimal 163)
   defining Unicode char U+00AD (decimal 173)
   defining Unicode char U+00B8 (decimal 184)
   defining Unicode char U+00BF (decimal 191)
   defining Unicode char U+00C5 (decimal 197)
   defining Unicode char U+00C6 (decimal 198)
   defining Unicode char U+00D8 (decimal 216)
   defining Unicode char U+00DF (decimal 223)
   defining Unicode char U+00E6 (decimal 230)
   defining Unicode char U+00EC (decimal 236)
   defining Unicode char U+00ED (decimal 237)
   defining Unicode char U+00EE (decimal 238)
   defining Unicode char U+00EF (decimal 239)
   defining Unicode char U+00F8 (decimal 248)
   defining Unicode char U+0131 (decimal 305)
   defining Unicode char U+0141 (decimal 321)
   defining Unicode char U+0142 (decimal 322)
   defining Unicode char U+0152 (decimal 338)
   defining Unicode char U+0153 (decimal 339)
   defining Unicode char U+0174 (decimal 372)
   defining Unicode char U+0175 (decimal 373)
   defining Unicode char U+0176 (decimal 374)
   defining Unicode char U+0177 (decimal 375)
   defining Unicode char U+0218 (decimal 536)
   defining Unicode char U+0219 (decimal 537)
   defining Unicode char U+021A (decimal 538)
   defining Unicode char U+021B (decimal 539)
   defining Unicode char U+2013 (decimal 8211)
   defining Unicode char U+2014 (decimal 8212)
   defining Unicode char U+2018 (decimal 8216)
   defining Unicode char U+2019 (decimal 8217)
   defining Unicode char U+201C (decimal 8220)
   defining Unicode char U+201D (decimal 8221)
)
Now handling font encoding OMS ...
... processing UTF-8 mapping file for font encoding OMS

(/usr/local/texlive/2016/texmf-dist/tex/latex/base/omsenc.dfu
File: omsenc.dfu 2016/02/28 v1.1s UTF-8 support for inputenc
   defining Unicode char U+00A7 (decimal 167)
   defining Unicode char U+00B6 (decimal 182)
   defining Unicode char U+00B7 (decimal 183)
   defining Unicode char U+2020 (decimal 8224)
   defining Unicode char U+2021 (decimal 8225)
   defining Unicode char U+2022 (decimal 8226)
)
Now handling font encoding OMX ...
... no UTF-8 mapping file for font encoding OMX
Now handling font encoding U ...
... no UTF-8 mapping file for font encoding U
   defining Unicode char U+00A9 (decimal 169)
   defining Unicode char U+00AA (decimal 170)
   defining Unicode char U+00AE (decimal 174)
   defining Unicode char U+00BA (decimal 186)
   defining Unicode char U+02C6 (decimal 710)
   defining Unicode char U+02DC (decimal 732)
   defining Unicode char U+200C (decimal 8204)
   defining Unicode char U+2026 (decimal 8230)
   defining Unicode char U+2122 (decimal 8482)
   defining Unicode char U+2423 (decimal 9251)
))
(/usr/local/texlive/2016/texmf-dist/tex/latex/geometry/geometry.sty
Package: geometry 2010/09/12 v5.6 Page Geometry

(/usr/local/texlive/2016/texmf-dist/tex/generic/oberdiek/ifvtex.sty
Package: ifvtex 2016/05/16 v1.6 Detect VTeX and its facilities (HO)
Package ifvtex Info: VTeX not detected.
)
(/usr/local/texlive/2016/texmf-dist/tex/generic/ifxetex/ifxetex.sty
Package: ifxetex 2010/09/12 v0.6 Provides ifxetex conditional
)
\Gm@cnth=\count273
\Gm@cntv=\count274
\c@Gm@tempcnt=\count275
\Gm@bindingoffset=\dimen103
\Gm@wd@mp=\dimen104
\Gm@odd@mp=\dimen105
\Gm@even@mp=\dimen106
\Gm@layoutwidth=\dimen107
\Gm@layoutheight=\dimen108
\Gm@layouthoffset=\dimen109
\Gm@layoutvoffset=\dimen110
\Gm@dimlist=\toks17
)
(/usr/local/texlive/2016/texmf-dist/tex/latex/tools/multicol.sty
Package: multicol 2016/04/07 v1.8p multicolumn formatting (FMi)
\c@tracingmulticols=\count276
\mult@box=\box26
\multicol@leftmargin=\dimen111
\c@unbalance=\count277
\c@collectmore=\count278
\doublecol@number=\count279
\multicoltolerance=\count280
\multicolpretolerance=\count281
\full@width=\dimen112
\page@free=\dimen113
\premulticols=\dimen114
\postmulticols=\dimen115
\multicolsep=\skip57
\multicolbaselineskip=\skip58
\partial@page=\box27
\last@line=\box28
\maxbalancingoverflow=\dimen116
\mult@rightbox=\box29
\mult@grightbox=\box30
\mult@gfirstbox=\box31
\mult@firstbox=\box32
\@tempa=\box33
\@tempa=\box34
\@tempa=\box35
\@tempa=\box36
\@tempa=\box37
\@tempa=\box38
\@tempa=\box39
\@tempa=\box40
\@tempa=\box41
\@tempa=\box42
\@tempa=\box43
\@tempa=\box44
\@tempa=\box45
\@tempa=\box46
\@tempa=\box47
\@tempa=\box48
\@tempa=\box49
\c@columnbadness=\count282
\c@finalcolumnbadness=\count283
\last@try=\dimen117
\multicolovershoot=\dimen118
\multicolundershoot=\dimen119
\mult@nat@firstbox=\box50
\colbreak@box=\box51
\mc@col@check@num=\count284
)
(/usr/local/texlive/2016/texmf-dist/tex/latex/graphics/graphicx.sty
Package: graphicx 2014/10/28 v1.0g Enhanced LaTeX Graphics (DPC,SPQR)

(/usr/local/texlive/2016/texmf-dist/tex/latex/graphics/graphics.sty
Package: graphics 2016/05/09 v1.0r Standard LaTeX Graphics (DPC,SPQR)

(/usr/local/texlive/2016/texmf-dist/tex/latex/graphics/trig.sty
Package: trig 2016/01/03 v1.10 sin cos tan (DPC)
)
(/usr/local/texlive/2016/texmf-dist/tex/latex/graphics-cfg/graphics.cfg
File: graphics.cfg 2016/01/02 v1.10 sample graphics configuration
)
Package graphics Info: Driver file: pdftex.def on input line 96.

(/usr/local/texlive/2016/texmf-dist/tex/latex/pdftex-def/pdftex.def
File: pdftex.def 2011/05/27 v0.06d Graphics/color for pdfTeX
\Gread@gobject=\count285
))
\Gin@req@height=\dimen120
\Gin@req@width=\dimen121
)
(/usr/local/texlive/2016/texmf-dist/tex/latex/wrapfig/wrapfig.sty
\wrapoverhang=\dimen122
\WF@size=\dimen123
\c@WF@wrappedlines=\count286
\WF@box=\box52
\WF@everypar=\toks18
Package: wrapfig 2003/01/31  v 3.6
)
(/usr/local/texlive/2016/texmf-dist/tex/latex/lipsum/lipsum.sty
Package: lipsum 2014/07/27 v1.3 150 paragraphs of Lorem Ipsum dummy text
\c@lips@count=\count287
)
(/usr/local/texlive/2016/texmf-dist/tex/latex/caption/caption.sty
Package: caption 2016/02/21 v3.3-144 Customizing captions (AR)

(/usr/local/texlive/2016/texmf-dist/tex/latex/caption/caption3.sty
Package: caption3 2016/02/04 v1.7-139 caption3 kernel (AR)
Package caption3 Info: TeX engine: e-TeX on input line 67.
\captionmargin=\dimen124
\captionmargin@=\dimen125
\captionwidth=\dimen126
\caption@tempdima=\dimen127
\caption@indent=\dimen128
\caption@parindent=\dimen129
\caption@hangindent=\dimen130
)
\c@ContinuedFloat=\count288
Package caption Info: wrapfig package is loaded.
)
(/usr/local/texlive/2016/texmf-dist/tex/latex/caption/subcaption.sty
Package: subcaption 2016/02/20 v1.1-142 Sub-captions (AR)
\c@subfigure=\count289
\c@subtable=\count290
)
(/usr/local/texlive/2016/texmf-dist/tex/latex/hyperref/hyperref.sty
Package: hyperref 2016/05/05 v6.83n Hypertext links for LaTeX

(/usr/local/texlive/2016/texmf-dist/tex/generic/oberdiek/hobsub-hyperref.sty
Package: hobsub-hyperref 2016/05/16 v1.14 Bundle oberdiek, subset hyperref (HO)


(/usr/local/texlive/2016/texmf-dist/tex/generic/oberdiek/hobsub-generic.sty
Package: hobsub-generic 2016/05/16 v1.14 Bundle oberdiek, subset generic (HO)
Package: hobsub 2016/05/16 v1.14 Construct package bundles (HO)
Package hobsub Info: Skipping package `infwarerr' (already loaded).
Package hobsub Info: Skipping package `ltxcmds' (already loaded).
Package hobsub Info: Skipping package `ifluatex' (already loaded).
Package hobsub Info: Skipping package `ifvtex' (already loaded).
Package: intcalc 2016/05/16 v1.2 Expandable calculations with integers (HO)
Package hobsub Info: Skipping package `ifpdf' (already loaded).
Package hobsub Info: Skipping package `etexcmds' (already loaded).
Package hobsub Info: Skipping package `kvsetkeys' (already loaded).
Package: kvdefinekeys 2016/05/16 v1.4 Define keys (HO)
Package hobsub Info: Skipping package `pdftexcmds' (already loaded).
Package: pdfescape 2016/05/16 v1.14 Implements pdfTeX's escape features (HO)
Package: bigintcalc 2016/05/16 v1.4 Expandable calculations on big integers (HO
)
Package: bitset 2016/05/16 v1.2 Handle bit-vector datatype (HO)
Package: uniquecounter 2016/05/16 v1.3 Provide unlimited unique counter (HO)
)
Package hobsub Info: Skipping package `hobsub' (already loaded).
Package: letltxmacro 2016/05/16 v1.5 Let assignment for LaTeX macros (HO)
Package: hopatch 2016/05/16 v1.3 Wrapper for package hooks (HO)
Package: xcolor-patch 2016/05/16 xcolor patch
Package: atveryend 2016/05/16 v1.9 Hooks at the very end of document (HO)
Package: atbegshi 2016/05/16 v1.17 At begin shipout hook (HO)
Package: refcount 2016/05/16 v3.5 Data extraction from label references (HO)
Package: hycolor 2016/05/16 v1.8 Color options for hyperref/bookmark (HO)
)
(/usr/local/texlive/2016/texmf-dist/tex/latex/oberdiek/auxhook.sty
Package: auxhook 2016/05/16 v1.4 Hooks for auxiliary files (HO)
)
\@linkdim=\dimen131
\Hy@linkcounter=\count291
\Hy@pagecounter=\count292

(/usr/local/texlive/2016/texmf-dist/tex/latex/hyperref/pd1enc.def
File: pd1enc.def 2016/05/05 v6.83n Hyperref: PDFDocEncoding definition (HO)
Now handling font encoding PD1 ...
... no UTF-8 mapping file for font encoding PD1
)
\Hy@SavedSpaceFactor=\count293

(/usr/local/texlive/2016/texmf-dist/tex/latex/latexconfig/hyperref.cfg
File: hyperref.cfg 2002/06/06 v1.2 hyperref configuration of TeXLive
)
Package hyperref Info: Hyper figures OFF on input line 4446.
Package hyperref Info: Link nesting OFF on input line 4451.
Package hyperref Info: Hyper index ON on input line 4454.
Package hyperref Info: Plain pages OFF on input line 4461.
Package hyperref Info: Backreferencing OFF on input line 4466.
Package hyperref Info: Implicit mode ON; LaTeX internals redefined.
Package hyperref Info: Bookmarks ON on input line 4691.
\c@Hy@tempcnt=\count294
LaTeX Info: Redefining \url on input line 5044.
\XeTeXLinkMargin=\dimen132
\Fld@menulength=\count295
\Field@Width=\dimen133
\Fld@charsize=\dimen134
Package hyperref Info: Hyper figures OFF on input line 6298.
Package hyperref Info: Link nesting OFF on input line 6303.
Package hyperref Info: Hyper index ON on input line 6306.
Package hyperref Info: backreferencing OFF on input line 6313.
Package hyperref Info: Link coloring OFF on input line 6318.
Package hyperref Info: Link coloring with OCG OFF on input line 6323.
Package hyperref Info: PDF/A mode OFF on input line 6328.
LaTeX Info: Redefining \ref on input line 6368.
LaTeX Info: Redefining \pageref on input line 6372.
\Hy@abspage=\count296
\c@Item=\count297
\c@Hfootnote=\count298
)

Package hyperref Message: Driver: hpdftex.

(/usr/local/texlive/2016/texmf-dist/tex/latex/hyperref/hpdftex.def
File: hpdftex.def 2016/05/05 v6.83n Hyperref driver for pdfTeX
\Fld@listcount=\count299
\c@bookmark@seq@number=\count300

(/usr/local/texlive/2016/texmf-dist/tex/latex/oberdiek/rerunfilecheck.sty
Package: rerunfilecheck 2016/05/16 v1.8 Rerun checks for auxiliary files (HO)
Package uniquecounter Info: New unique counter `rerunfilecheck' on input line 2
82.
)
\Hy@SectionHShift=\skip59
)
(/usr/local/texlive/2016/texmf-dist/tex/latex/bigfoot/perpage.sty
Package: perpage 2014/10/25 2.0 Reset/sort counters per page
\c@abspage=\count301
)
\c@pp@a@footnote=\count302
Package hyperref Info: Option `colorlinks' set `true' on input line 73.

(/usr/local/texlive/2016/texmf-dist/tex/latex/enumitem/enumitem.sty
Package: enumitem 2011/09/28 v3.5.2 Customized lists
\labelindent=\skip60
\enit@outerparindent=\dimen135
\enit@toks=\toks19
\enit@inbox=\box53
\enitdp@description=\count303
)
(/usr/local/texlive/2016/texmf-dist/tex/latex/amsfonts/amssymb.sty
Package: amssymb 2013/01/14 v3.01 AMS font symbols

(/usr/local/texlive/2016/texmf-dist/tex/latex/amsfonts/amsfonts.sty
Package: amsfonts 2013/01/14 v3.01 Basic AMSFonts support
\@emptytoks=\toks20
\symAMSa=\mathgroup4
\symAMSb=\mathgroup5
LaTeX Font Info:    Overwriting math alphabet `\mathfrak' in version `bold'
(Font)                  U/euf/m/n --> U/euf/b/n on input line 106.
))
(/usr/local/texlive/2016/texmf-dist/tex/latex/floatrow/floatrow.sty
Package: floatrow 2008/08/02 v0.3b floatrow: float package extension
\c@float@type=\count304
\float@exts=\toks21
\float@box=\box54
\@floatcapt=\box55
Package floatrow Info: Modified float package code loaded on input line 455.
Package floatrow Info: Modified rotfloat package code loaded on input line 473.

\FR@everyfloat=\toks22
\flrow@foot=\insert252
\FB@wd=\dimen136
\FBo@wd=\dimen137
\FBc@wd=\dimen138
\FBo@ht=\skip61
\FBc@ht=\skip62
\FBf@ht=\skip63
\FBo@max=\skip64
\FBc@max=\skip65
\FBf@max=\skip66
\c@FBl@b=\count305
\floatbox@depth=\count306
\c@FRobj=\count307
\c@FRsobj=\count308
\Xhsize=\skip67
\sXhsize=\skip68
\Zhsize=\skip69
\sZhsize=\skip70
\flrow@rowbox=\box56
\FR@Zunitlength=\dimen139
\c@FBcnt=\count309
\FPOScnt=\count310
\LTleft=\skip71
\LTright=\skip72
\LTleft=\skip73
\LTright=\skip74
\flrow@types=\toks23
)
(/usr/local/texlive/2016/texmf-dist/tex/latex/fancyhdr/fancyhdr.sty
\fancy@headwidth=\skip75
\f@ncyO@elh=\skip76
\f@ncyO@erh=\skip77
\f@ncyO@olh=\skip78
\f@ncyO@orh=\skip79
\f@ncyO@elf=\skip80
\f@ncyO@erf=\skip81
\f@ncyO@olf=\skip82
\f@ncyO@orf=\skip83
)
(/usr/local/texlive/2016/texmf-dist/tex/latex/lastpage/lastpage.sty
Package: lastpage 2015/03/29 v1.2m Refers to last page's name (HMM; JPG)
)
   defining Unicode char U+00A0 (decimal 160)

(/usr/local/texlive/2016/texmf-dist/tex/latex/tools/xspace.sty
Package: xspace 2014/10/28 v1.13 Space after command names (DPC,MH)
)
Package biblatex Info: Trying to load language 'english'...
Package biblatex Info: ... file 'english.lbx' found.

(/usr/local/texlive/2016/texmf-dist/tex/latex/biblatex/lbx/english.lbx
File: english.lbx 2016/05/14 v3.4 biblatex localization (PK/JW/AB)
)
\@quotelevel=\count311
\@quotereset=\count312


Package biblatex Warning: Conflicting options.
(biblatex)                'giveninits' conflicts with 'uniquename=full'.
(biblatex)                Setting 'uniquename=init' on input line 193.

(./research_proposal.aux)
\openout1 = `research_proposal.aux'.

LaTeX Font Info:    Checking defaults for OML/cmm/m/it on input line 193.
LaTeX Font Info:    ... okay on input line 193.
LaTeX Font Info:    Checking defaults for T1/cmr/m/n on input line 193.
LaTeX Font Info:    ... okay on input line 193.
LaTeX Font Info:    Checking defaults for OT1/cmr/m/n on input line 193.
LaTeX Font Info:    ... okay on input line 193.
LaTeX Font Info:    Checking defaults for OMS/cmsy/m/n on input line 193.
LaTeX Font Info:    ... okay on input line 193.
LaTeX Font Info:    Checking defaults for OMX/cmex/m/n on input line 193.
LaTeX Font Info:    ... okay on input line 193.
LaTeX Font Info:    Checking defaults for U/cmr/m/n on input line 193.
LaTeX Font Info:    ... okay on input line 193.
LaTeX Font Info:    Checking defaults for PD1/pdf/m/n on input line 193.
LaTeX Font Info:    ... okay on input line 193.
Package biblatex Info: Input encoding 'utf8' detected.
Package biblatex Info: Automatic encoding selection.
(biblatex)             Assuming data encoding 'utf8'.
Package biblatex Info: Input encoding 'utf8' specified.
Package biblatex Info: Data encoding 'utf8' specified.
(biblatex)             No need to reencode data.
\openout4 = `research_proposal-blx.bib'.

Package biblatex Info: Trying to load bibliographic data...
Package biblatex Info: ... file 'research_proposal.bbl' found.
 (./research_proposal.bbl

Package biblatex Warning: Biber reported the following issues
(biblatex)                with 'Baiotti2017':
(biblatex)                - Invalid format of field 'month'.

LaTeX Font Info:    Try loading font information for U+msa on input line 81.
(/usr/local/texlive/2016/texmf-dist/tex/latex/amsfonts/umsa.fd
File: umsa.fd 2013/01/14 v3.01 AMS symbols A
)
LaTeX Font Info:    Try loading font information for U+msb on input line 81.

(/usr/local/texlive/2016/texmf-dist/tex/latex/amsfonts/umsb.fd
File: umsb.fd 2013/01/14 v3.01 AMS symbols B
)

Package biblatex Warning: Biber reported the following issues
(biblatex)                with 'Berger2014':
(biblatex)                - Invalid format of field 'month'.


Package biblatex Warning: Biber reported the following issues
(biblatex)                with 'Bozzo2008':
(biblatex)                - Invalid format of field 'month'.


Package biblatex Warning: Biber reported the following issues
(biblatex)                with 'Castor1975':
(biblatex)                - Invalid format of field 'month'.


Package biblatex Warning: Biber reported the following issues
(biblatex)                with 'Crinquand2018':
(biblatex)                - Invalid format of field 'month'.


Package biblatex Warning: Biber reported the following issues
(biblatex)                with 'Eichler1989':
(biblatex)                - Invalid format of field 'month'.


Package biblatex Warning: Biber reported the following issues
(biblatex)                with 'Foucart2012':
(biblatex)                - Invalid format of field 'month'.


Package biblatex Warning: Biber reported the following issues
(biblatex)                with 'Gehrels2005':
(biblatex)                - Invalid format of field 'month'.


Package biblatex Warning: Biber reported the following issues
(biblatex)                with 'Gill2018':
(biblatex)                - Invalid format of field 'month'.


Package biblatex Warning: Biber reported the following issues
(biblatex)                with 'Hulse1974':
(biblatex)                - Invalid format of field 'month'.


Package biblatex Warning: Biber reported the following issues
(biblatex)                with 'Lattimer1974':
(biblatex)                - Invalid format of field 'month'.


Package biblatex Warning: Biber reported the following issues
(biblatex)                with 'Metzger2017':
(biblatex)                - Invalid format of field 'month'.


Package biblatex Warning: Biber reported the following issues
(biblatex)                with 'Metzger2015':
(biblatex)                - Invalid format of field 'month'.


Package biblatex Warning: Biber reported the following issues
(biblatex)                with 'Murguia-Berthier2017a':
(biblatex)                - Invalid format of field 'month'.


Package biblatex Warning: Biber reported the following issues
(biblatex)                with 'Peres2013':
(biblatex)                - Invalid format of field 'month'.


Package biblatex Warning: Biber reported the following issues
(biblatex)                with 'Philippov2014':
(biblatex)                - Invalid format of field 'month'.


Package biblatex Warning: Biber reported the following issues
(biblatex)                with 'Piran2005':
(biblatex)                - Invalid format of field 'month'.


Package biblatex Warning: Biber reported the following issues
(biblatex)                with 'Rees1992':
(biblatex)                - Invalid format of field 'month'.


Package biblatex Warning: Biber reported the following issues
(biblatex)                with 'Tanaka2016':
(biblatex)                - Invalid format of field 'month'.


Package biblatex Warning: Biber reported the following issues
(biblatex)                with 'Abbott2016':
(biblatex)                - Invalid format of field 'month'.


Package biblatex Warning: Biber reported the following issues
(biblatex)                with 'TheLIGOScientificCollaboration2017':
(biblatex)                - Invalid format of field 'month'.


Package biblatex Warning: Biber reported the following issues
(biblatex)                with 'Troja2018':
(biblatex)                - Invalid format of field 'month'.

)
Package biblatex Info: Reference section=0 on input line 193.
Package biblatex Info: Reference segment=0 on input line 193.

*geometry* driver: auto-detecting
*geometry* detected driver: pdftex
*geometry* verbose mode - [ preamble ] result:
* driver: pdftex
* paper: a4paper
* layout: <same size as paper>
* layoutoffset:(h,v)=(0.0pt,0.0pt)
* modes: 
* h-part:(L,W,R)=(71.13188pt, 455.24411pt, 71.13188pt)
* v-part:(T,H,B)=(99.58464pt, 645.87756pt, 99.58464pt)
* \paperwidth=597.50787pt
* \paperheight=845.04684pt
* \textwidth=455.24411pt
* \textheight=645.87756pt
* \oddsidemargin=-1.1381pt
* \evensidemargin=-1.1381pt
* \topmargin=-9.68535pt
* \headheight=12.0pt
* \headsep=25.0pt
* \topskip=11.0pt
* \footskip=30.0pt
* \marginparwidth=59.0pt
* \marginparsep=10.0pt
* \columnsep=10.0pt
* \skip\footins=10.0pt plus 4.0pt minus 2.0pt
* \hoffset=0.0pt
* \voffset=0.0pt
* \mag=1000
* \@twocolumnfalse
* \@twosidefalse
* \@mparswitchfalse
* \@reversemarginfalse
* (1in=72.27pt=25.4mm, 1cm=28.453pt)

(/usr/local/texlive/2016/texmf-dist/tex/context/base/mkii/supp-pdf.mkii
[Loading MPS to PDF converter (version 2006.09.02).]
\scratchcounter=\count313
\scratchdimen=\dimen140
\scratchbox=\box57
\nofMPsegments=\count314
\nofMParguments=\count315
\everyMPshowfont=\toks24
\MPscratchCnt=\count316
\MPscratchDim=\dimen141
\MPnumerator=\count317
\makeMPintoPDFobject=\count318
\everyMPtoPDFconversion=\toks25
) (/usr/local/texlive/2016/texmf-dist/tex/latex/oberdiek/epstopdf-base.sty
Package: epstopdf-base 2016/05/15 v2.6 Base part for package epstopdf

(/usr/local/texlive/2016/texmf-dist/tex/latex/oberdiek/grfext.sty
Package: grfext 2016/05/16 v1.2 Manage graphics extensions (HO)
)
Package grfext Info: Graphics extension search list:
(grfext)             [.png,.pdf,.jpg,.mps,.jpeg,.jbig2,.jb2,.PNG,.PDF,.JPG,.JPE
G,.JBIG2,.JB2,.eps]
(grfext)             \AppendGraphicsExtensions on input line 456.

(/usr/local/texlive/2016/texmf-dist/tex/latex/latexconfig/epstopdf-sys.cfg
File: epstopdf-sys.cfg 2010/07/13 v1.3 Configuration of (r)epstopdf for TeX Liv
e
))
Package caption Info: Begin \AtBeginDocument code.
Package caption Info: floatrow package is loaded.
Package caption Info: float package is loaded.
Package caption Info: floatrow package is loaded.
Package caption Info: hyperref package is loaded.
Package caption Info: End \AtBeginDocument code.
\AtBeginShipoutBox=\box58

(/usr/local/texlive/2016/texmf-dist/tex/latex/graphics/color.sty
Package: color 2016/05/09 v1.1c Standard LaTeX Color (DPC)

(/usr/local/texlive/2016/texmf-dist/tex/latex/graphics-cfg/color.cfg
File: color.cfg 2016/01/02 v1.6 sample color configuration
)
Package color Info: Driver file: pdftex.def on input line 144.
)
Package hyperref Info: Link coloring ON on input line 193.

(/usr/local/texlive/2016/texmf-dist/tex/latex/hyperref/nameref.sty
Package: nameref 2012/10/27 v2.43 Cross-referencing by name of section

(/usr/local/texlive/2016/texmf-dist/tex/generic/oberdiek/gettitlestring.sty
Package: gettitlestring 2016/05/16 v1.5 Cleanup title references (HO)
)
\c@section@level=\count319
)
LaTeX Info: Redefining \ref on input line 193.
LaTeX Info: Redefining \pageref on input line 193.
LaTeX Info: Redefining \nameref on input line 193.

(./research_proposal.out) (./research_proposal.out)
\@outlinefile=\write5
\openout5 = `research_proposal.out'.

Package lastpage Info: Please have a look at the pageslts package at
(lastpage)             https://www.ctan.org/pkg/pageslts
(lastpage)             ! on input line 193.

Underfull \hbox (badness 10000) in paragraph at lines 224--225

 []


Underfull \hbox (badness 10000) in paragraph at lines 226--227

 []

LaTeX Font Info:    Try loading font information for T1+cmtt on input line 228.

(/usr/local/texlive/2016/texmf-dist/tex/latex/base/t1cmtt.fd
File: t1cmtt.fd 2014/09/29 v2.5h Standard LaTeX font definitions
)
Underfull \hbox (badness 10000) in paragraph at lines 228--229

 []


Underfull \hbox (badness 10000) in paragraph at lines 230--231

 []


Package Fancyhdr Warning: \headheight is too small (12.0pt): 
 Make it at least 13.59999pt.
 We now make it that large for the rest of the document.
 This may cause the page layout to be inconsistent, however.

[1{/usr/local/texlive/2016/texmf-var/fonts/map/pdftex/updmap/pdftex.map}

]
Underfull \hbox (badness 10000) in paragraph at lines 232--233

 []

<Figures/sketch_GRB_kilonova.jpg, id=56, 2148.025pt x 2272.49pt>
File: Figures/sketch_GRB_kilonova.jpg Graphic file (type jpg)

<use Figures/sketch_GRB_kilonova.jpg>
Package pdftex.def Info: Figures/sketch_GRB_kilonova.jpg used on input line 238
.
(pdftex.def)             Requested size: 199.16928pt x 210.68748pt.
File: Figures/sketch_GRB_kilonova.jpg Graphic file (type jpg)
 <use Figures/sketch_GRB_kilonova.jpg>
Package pdftex.def Info: Figures/sketch_GRB_kilonova.jpg used on input line 238
.
(pdftex.def)             Requested size: 199.16928pt x 210.68748pt.
File: Figures/sketch_GRB_kilonova.jpg Graphic file (type jpg)

<use Figures/sketch_GRB_kilonova.jpg>
Package pdftex.def Info: Figures/sketch_GRB_kilonova.jpg used on input line 238
.
(pdftex.def)             Requested size: 199.16928pt x 210.68748pt.

Underfull \hbox (badness 10000) in paragraph at lines 244--245

 []

[2 <./Figures/sketch_GRB_kilonova.jpg>]

Package hyperref Warning: Token not allowed in a PDF string (PDFDocEncoding):
(hyperref)                removing `\spacefactor' on input line 252.


Package hyperref Warning: Token not allowed in a PDF string (PDFDocEncoding):
(hyperref)                removing `\@m' on input line 252.


Underfull \hbox (badness 10000) in paragraph at lines 254--255

 []


Underfull \hbox (badness 10000) in paragraph at lines 256--257

 []

[3] <Figures/tidal_disruption_radius.png, id=100, 580.3281pt x 511.6716pt>
File: Figures/tidal_disruption_radius.png Graphic file (type png)

<use Figures/tidal_disruption_radius.png>
Package pdftex.def Info: Figures/tidal_disruption_radius.png used on input line
 262.
(pdftex.def)             Requested size: 256.0748pt x 225.78421pt.
File: Figures/tidal_disruption_radius.png Graphic file (type png)

<use Figures/tidal_disruption_radius.png>
Package pdftex.def Info: Figures/tidal_disruption_radius.png used on input line
 262.
(pdftex.def)             Requested size: 256.0748pt x 225.78421pt.
File: Figures/tidal_disruption_radius.png Graphic file (type png)

<use Figures/tidal_disruption_radius.png>
Package pdftex.def Info: Figures/tidal_disruption_radius.png used on input line
 262.
(pdftex.def)             Requested size: 256.0748pt x 225.78421pt.

Underfull \hbox (badness 10000) in paragraph at lines 269--270

 []


Underfull \hbox (badness 10000) in paragraph at lines 271--272

 []

[4 <./Figures/tidal_disruption_radius.png>]
Underfull \hbox (badness 10000) in paragraph at lines 273--274

 []


Underfull \hbox (badness 10000) in paragraph at lines 275--276

 []

<Figures/disc-jet_Sasha.png, id=119, 961.5925pt x 736.7525pt>
File: Figures/disc-jet_Sasha.png Graphic file (type png)

<use Figures/disc-jet_Sasha.png>
Package pdftex.def Info: Figures/disc-jet_Sasha.png used on input line 281.
(pdftex.def)             Requested size: 284.52756pt x 218.00337pt.
File: Figures/disc-jet_Sasha.png Graphic file (type png)
 <use Figures/disc-jet_Sasha.png>
Package pdftex.def Info: Figures/disc-jet_Sasha.png used on input line 281.
(pdftex.def)             Requested size: 284.52756pt x 218.00337pt.
File: Figures/disc-jet_Sasha.png Graphic file (type png)

<use Figures/disc-jet_Sasha.png>
Package pdftex.def Info: Figures/disc-jet_Sasha.png used on input line 281.
(pdftex.def)             Requested size: 284.52756pt x 218.00337pt.

Underfull \hbox (badness 10000) in paragraph at lines 288--289

 []

[5 <./Figures/disc-jet_Sasha.png>]
Underfull \hbox (badness 10000) in paragraph at lines 300--301

 []


Underfull \hbox (badness 10000) in paragraph at lines 307--308

 []


Underfull \hbox (badness 10000) in paragraph at lines 309--310

 []


Underfull \hbox (badness 10000) in paragraph at lines 311--312

 []

[6]
Underfull \hbox (badness 10000) in paragraph at lines 313--314

 []


Underfull \hbox (badness 10000) in paragraph at lines 315--316

 []


Underfull \hbox (badness 4316) in paragraph at lines 321--321
\T1/cmr/m/n/10.95 en-ergy de-cay as a func-tion of
 []

<Figures/spinning-down_luminosity.png, id=171, 611.4042pt x 553.5882pt>
File: Figures/spinning-down_luminosity.png Graphic file (type png)

<use Figures/spinning-down_luminosity.png>
Package pdftex.def Info: Figures/spinning-down_luminosity.png used on input lin
e 321.
(pdftex.def)             Requested size: 284.52756pt x 257.62701pt.

Underfull \hbox (badness 4316) in paragraph at lines 321--321
\T1/cmr/m/n/10.95 en-ergy de-cay as a func-tion of
 []

File: Figures/spinning-down_luminosity.png Graphic file (type png)
<use Figures/spinning-down_luminosity.png>
Package pdftex.def Info: Figures/spinning-down_luminosity.png used on input lin
e 321.
(pdftex.def)             Requested size: 284.52756pt x 257.62701pt.

Underfull \hbox (badness 4316) in paragraph at lines 321--321
\T1/cmr/m/n/10.95 en-ergy de-cay as a func-tion of
 []

File: Figures/spinning-down_luminosity.png Graphic file (type png)
<use Figures/spinning-down_luminosity.png>
Package pdftex.def Info: Figures/spinning-down_luminosity.png used on input lin
e 321.
(pdftex.def)             Requested size: 284.52756pt x 257.62701pt.

Overfull \hbox (9.99997pt too wide) detected at line 321
 [] 
 []

[7 <./Figures/spinning-down_luminosity.png>]
Underfull \hbox (badness 10000) in paragraph at lines 329--330

 []


Underfull \hbox (badness 10000) in paragraph at lines 331--332

 []


Package biblatex Warning: Option 'omitnumbers' requires 'defernumbers=true'.
(biblatex)                Ignoring 'omitnumbers=true' on input line 353.


Package biblatex Warning: \mkbibnamefirst is deprecated, please use \mkbibnameg
iven. Using \mkbibnamegiven.


Package biblatex Warning: \mkbibnamelast is deprecated, please use \mkbibnamefa
mily. Using \mkbibnamefamily.


Package biblatex Warning: \mkbibnameaffix is deprecated, please use \mkbibnames
uffix. Using \mkbibnamesuffix.


Package biblatex Warning: \mkbibnamefirst is deprecated, please use \mkbibnameg
iven. Using \mkbibnamegiven.


Package biblatex Warning: \mkbibnamelast is deprecated, please use \mkbibnamefa
mily. Using \mkbibnamefamily.


Package biblatex Warning: \mkbibnameaffix is deprecated, please use \mkbibnames
uffix. Using \mkbibnamesuffix.


Package biblatex Warning: \mkbibnamefirst is deprecated, please use \mkbibnameg
iven. Using \mkbibnamegiven.


Package biblatex Warning: \mkbibnamelast is deprecated, please use \mkbibnamefa
mily. Using \mkbibnamefamily.


Package biblatex Warning: \mkbibnameaffix is deprecated, please use \mkbibnames
uffix. Using \mkbibnamesuffix.


Package biblatex Warning: \mkbibnamefirst is deprecated, please use \mkbibnameg
iven. Using \mkbibnamegiven.


Package biblatex Warning: \mkbibnamelast is deprecated, please use \mkbibnamefa
mily. Using \mkbibnamefamily.


Package biblatex Warning: \mkbibnameaffix is deprecated, please use \mkbibnames
uffix. Using \mkbibnamesuffix.


Package biblatex Warning: \mkbibnamefirst is deprecated, please use \mkbibnameg
iven. Using \mkbibnamegiven.


Package biblatex Warning: \mkbibnamelast is deprecated, please use \mkbibnamefa
mily. Using \mkbibnamefamily.


Package biblatex Warning: \mkbibnameaffix is deprecated, please use \mkbibnames
uffix. Using \mkbibnamesuffix.


Package biblatex Warning: \mkbibnamefirst is deprecated, please use \mkbibnameg
iven. Using \mkbibnamegiven.


Package biblatex Warning: \mkbibnamelast is deprecated, please use \mkbibnamefa
mily. Using \mkbibnamefamily.


Package biblatex Warning: \mkbibnameaffix is deprecated, please use \mkbibnames
uffix. Using \mkbibnamesuffix.


Package biblatex Warning: \mkbibnamefirst is deprecated, please use \mkbibnameg
iven. Using \mkbibnamegiven.


Package biblatex Warning: \mkbibnamelast is deprecated, please use \mkbibnamefa
mily. Using \mkbibnamefamily.


Package biblatex Warning: \mkbibnameaffix is deprecated, please use \mkbibnames
uffix. Using \mkbibnamesuffix.


Package biblatex Warning: \mkbibnamefirst is deprecated, please use \mkbibnameg
iven. Using \mkbibnamegiven.


Package biblatex Warning: \mkbibnamelast is deprecated, please use \mkbibnamefa
mily. Using \mkbibnamefamily.


Package biblatex Warning: \mkbibnameaffix is deprecated, please use \mkbibnames
uffix. Using \mkbibnamesuffix.


Package biblatex Warning: \mkbibnamefirst is deprecated, please use \mkbibnameg
iven. Using \mkbibnamegiven.


Package biblatex Warning: \mkbibnamelast is deprecated, please use \mkbibnamefa
mily. Using \mkbibnamefamily.


Package biblatex Warning: \mkbibnameaffix is deprecated, please use \mkbibnames
uffix. Using \mkbibnamesuffix.


Package biblatex Warning: \mkbibnamefirst is deprecated, please use \mkbibnameg
iven. Using \mkbibnamegiven.


Package biblatex Warning: \mkbibnamelast is deprecated, please use \mkbibnamefa
mily. Using \mkbibnamefamily.


Package biblatex Warning: \mkbibnameaffix is deprecated, please use \mkbibnames
uffix. Using \mkbibnamesuffix.


Package biblatex Warning: \mkbibnamefirst is deprecated, please use \mkbibnameg
iven. Using \mkbibnamegiven.


Package biblatex Warning: \mkbibnamelast is deprecated, please use \mkbibnamefa
mily. Using \mkbibnamefamily.


Package biblatex Warning: \mkbibnameaffix is deprecated, please use \mkbibnames
uffix. Using \mkbibnamesuffix.


Package biblatex Warning: \mkbibnamefirst is deprecated, please use \mkbibnameg
iven. Using \mkbibnamegiven.


Package biblatex Warning: \mkbibnamelast is deprecated, please use \mkbibnamefa
mily. Using \mkbibnamefamily.


Package biblatex Warning: \mkbibnameaffix is deprecated, please use \mkbibnames
uffix. Using \mkbibnamesuffix.


Package biblatex Warning: \mkbibnamefirst is deprecated, please use \mkbibnameg
iven. Using \mkbibnamegiven.


Package biblatex Warning: \mkbibnamelast is deprecated, please use \mkbibnamefa
mily. Using \mkbibnamefamily.


Package biblatex Warning: \mkbibnameaffix is deprecated, please use \mkbibnames
uffix. Using \mkbibnamesuffix.


Package biblatex Warning: \mkbibnamefirst is deprecated, please use \mkbibnameg
iven. Using \mkbibnamegiven.


Package biblatex Warning: \mkbibnamelast is deprecated, please use \mkbibnamefa
mily. Using \mkbibnamefamily.


Package biblatex Warning: \mkbibnameaffix is deprecated, please use \mkbibnames
uffix. Using \mkbibnamesuffix.


Package biblatex Warning: \mkbibnamefirst is deprecated, please use \mkbibnameg
iven. Using \mkbibnamegiven.


Package biblatex Warning: \mkbibnamelast is deprecated, please use \mkbibnamefa
mily. Using \mkbibnamefamily.


Package biblatex Warning: \mkbibnameaffix is deprecated, please use \mkbibnames
uffix. Using \mkbibnamesuffix.


Package biblatex Warning: \mkbibnamefirst is deprecated, please use \mkbibnameg
iven. Using \mkbibnamegiven.


Package biblatex Warning: \mkbibnamelast is deprecated, please use \mkbibnamefa
mily. Using \mkbibnamefamily.


Package biblatex Warning: \mkbibnameaffix is deprecated, please use \mkbibnames
uffix. Using \mkbibnamesuffix.


Package biblatex Warning: \mkbibnamefirst is deprecated, please use \mkbibnameg
iven. Using \mkbibnamegiven.


Package biblatex Warning: \mkbibnamelast is deprecated, please use \mkbibnamefa
mily. Using \mkbibnamefamily.


Package biblatex Warning: \mkbibnameaffix is deprecated, please use \mkbibnames
uffix. Using \mkbibnamesuffix.


Package biblatex Warning: \mkbibnamefirst is deprecated, please use \mkbibnameg
iven. Using \mkbibnamegiven.


Package biblatex Warning: \mkbibnamelast is deprecated, please use \mkbibnamefa
mily. Using \mkbibnamefamily.


Package biblatex Warning: \mkbibnameaffix is deprecated, please use \mkbibnames
uffix. Using \mkbibnamesuffix.


Package biblatex Warning: \mkbibnamefirst is deprecated, please use \mkbibnameg
iven. Using \mkbibnamegiven.


Package biblatex Warning: \mkbibnamelast is deprecated, please use \mkbibnamefa
mily. Using \mkbibnamefamily.


Package biblatex Warning: \mkbibnameaffix is deprecated, please use \mkbibnames
uffix. Using \mkbibnamesuffix.


Package biblatex Warning: \mkbibnamefirst is deprecated, please use \mkbibnameg
iven. Using \mkbibnamegiven.


Package biblatex Warning: \mkbibnamelast is deprecated, please use \mkbibnamefa
mily. Using \mkbibnamefamily.


Package biblatex Warning: \mkbibnameaffix is deprecated, please use \mkbibnames
uffix. Using \mkbibnamesuffix.


Package biblatex Warning: \mkbibnamefirst is deprecated, please use \mkbibnameg
iven. Using \mkbibnamegiven.


Package biblatex Warning: \mkbibnamelast is deprecated, please use \mkbibnamefa
mily. Using \mkbibnamefamily.


Package biblatex Warning: \mkbibnameaffix is deprecated, please use \mkbibnames
uffix. Using \mkbibnamesuffix.


Package biblatex Warning: \mkbibnamefirst is deprecated, please use \mkbibnameg
iven. Using \mkbibnamegiven.


Package biblatex Warning: \mkbibnamelast is deprecated, please use \mkbibnamefa
mily. Using \mkbibnamefamily.


Package biblatex Warning: \mkbibnameaffix is deprecated, please use \mkbibnames
uffix. Using \mkbibnamesuffix.


Package biblatex Warning: \mkbibnamefirst is deprecated, please use \mkbibnameg
iven. Using \mkbibnamegiven.


Package biblatex Warning: \mkbibnamelast is deprecated, please use \mkbibnamefa
mily. Using \mkbibnamefamily.


Package biblatex Warning: \mkbibnameaffix is deprecated, please use \mkbibnames
uffix. Using \mkbibnamesuffix.


Package biblatex Warning: \mkbibnamefirst is deprecated, please use \mkbibnameg
iven. Using \mkbibnamegiven.


Package biblatex Warning: \mkbibnamelast is deprecated, please use \mkbibnamefa
mily. Using \mkbibnamefamily.


Package biblatex Warning: \mkbibnameaffix is deprecated, please use \mkbibnames
uffix. Using \mkbibnamesuffix.


Package biblatex Warning: \mkbibnamefirst is deprecated, please use \mkbibnameg
iven. Using \mkbibnamegiven.


Package biblatex Warning: \mkbibnamelast is deprecated, please use \mkbibnamefa
mily. Using \mkbibnamefamily.


Package biblatex Warning: \mkbibnameaffix is deprecated, please use \mkbibnames
uffix. Using \mkbibnamesuffix.


Package biblatex Warning: \mkbibnamefirst is deprecated, please use \mkbibnameg
iven. Using \mkbibnamegiven.


Package biblatex Warning: \mkbibnamelast is deprecated, please use \mkbibnamefa
mily. Using \mkbibnamefamily.


Package biblatex Warning: \mkbibnameaffix is deprecated, please use \mkbibnames
uffix. Using \mkbibnamesuffix.


Package biblatex Warning: \mkbibnamefirst is deprecated, please use \mkbibnameg
iven. Using \mkbibnamegiven.


Package biblatex Warning: \mkbibnamelast is deprecated, please use \mkbibnamefa
mily. Using \mkbibnamefamily.


Package biblatex Warning: \mkbibnameaffix is deprecated, please use \mkbibnames
uffix. Using \mkbibnamesuffix.


Package biblatex Warning: \mkbibnamefirst is deprecated, please use \mkbibnameg
iven. Using \mkbibnamegiven.


Package biblatex Warning: \mkbibnamelast is deprecated, please use \mkbibnamefa
mily. Using \mkbibnamefamily.


Package biblatex Warning: \mkbibnameaffix is deprecated, please use \mkbibnames
uffix. Using \mkbibnamesuffix.


Package biblatex Warning: \mkbibnamefirst is deprecated, please use \mkbibnameg
iven. Using \mkbibnamegiven.


Package biblatex Warning: \mkbibnamelast is deprecated, please use \mkbibnamefa
mily. Using \mkbibnamefamily.


Package biblatex Warning: \mkbibnameaffix is deprecated, please use \mkbibnames
uffix. Using \mkbibnamesuffix.


Package biblatex Warning: \mkbibnamefirst is deprecated, please use \mkbibnameg
iven. Using \mkbibnamegiven.


Package biblatex Warning: \mkbibnamelast is deprecated, please use \mkbibnamefa
mily. Using \mkbibnamefamily.


Package biblatex Warning: \mkbibnameaffix is deprecated, please use \mkbibnames
uffix. Using \mkbibnamesuffix.


Package biblatex Warning: \mkbibnamefirst is deprecated, please use \mkbibnameg
iven. Using \mkbibnamegiven.


Package biblatex Warning: \mkbibnamelast is deprecated, please use \mkbibnamefa
mily. Using \mkbibnamefamily.


Package biblatex Warning: \mkbibnameaffix is deprecated, please use \mkbibnames
uffix. Using \mkbibnamesuffix.


Package biblatex Warning: \mkbibnamefirst is deprecated, please use \mkbibnameg
iven. Using \mkbibnamegiven.


Package biblatex Warning: \mkbibnamelast is deprecated, please use \mkbibnamefa
mily. Using \mkbibnamefamily.


Package biblatex Warning: \mkbibnameaffix is deprecated, please use \mkbibnames
uffix. Using \mkbibnamesuffix.


Package biblatex Warning: \mkbibnamefirst is deprecated, please use \mkbibnameg
iven. Using \mkbibnamegiven.


Package biblatex Warning: \mkbibnamelast is deprecated, please use \mkbibnamefa
mily. Using \mkbibnamefamily.


Package biblatex Warning: \mkbibnameaffix is deprecated, please use \mkbibnames
uffix. Using \mkbibnamesuffix.


Package biblatex Warning: \mkbibnamefirst is deprecated, please use \mkbibnameg
iven. Using \mkbibnamegiven.


Package biblatex Warning: \mkbibnamelast is deprecated, please use \mkbibnamefa
mily. Using \mkbibnamefamily.


Package biblatex Warning: \mkbibnameaffix is deprecated, please use \mkbibnames
uffix. Using \mkbibnamesuffix.


Package biblatex Warning: \mkbibnamefirst is deprecated, please use \mkbibnameg
iven. Using \mkbibnamegiven.


Package biblatex Warning: \mkbibnamelast is deprecated, please use \mkbibnamefa
mily. Using \mkbibnamefamily.


Package biblatex Warning: \mkbibnameaffix is deprecated, please use \mkbibnames
uffix. Using \mkbibnamesuffix.


Package biblatex Warning: \mkbibnamefirst is deprecated, please use \mkbibnameg
iven. Using \mkbibnamegiven.


Package biblatex Warning: \mkbibnamelast is deprecated, please use \mkbibnamefa
mily. Using \mkbibnamefamily.


Package biblatex Warning: \mkbibnameaffix is deprecated, please use \mkbibnames
uffix. Using \mkbibnamesuffix.


Package biblatex Warning: \mkbibnamefirst is deprecated, please use \mkbibnameg
iven. Using \mkbibnamegiven.


Package biblatex Warning: \mkbibnamelast is deprecated, please use \mkbibnamefa
mily. Using \mkbibnamefamily.


Package biblatex Warning: \mkbibnameaffix is deprecated, please use \mkbibnames
uffix. Using \mkbibnamesuffix.


Package biblatex Warning: \mkbibnamefirst is deprecated, please use \mkbibnameg
iven. Using \mkbibnamegiven.


Package biblatex Warning: \mkbibnamelast is deprecated, please use \mkbibnamefa
mily. Using \mkbibnamefamily.


Package biblatex Warning: \mkbibnameaffix is deprecated, please use \mkbibnames
uffix. Using \mkbibnamesuffix.


Package biblatex Warning: \mkbibnamefirst is deprecated, please use \mkbibnameg
iven. Using \mkbibnamegiven.


Package biblatex Warning: \mkbibnamelast is deprecated, please use \mkbibnamefa
mily. Using \mkbibnamefamily.


Package biblatex Warning: \mkbibnameaffix is deprecated, please use \mkbibnames
uffix. Using \mkbibnamesuffix.


Package biblatex Warning: \mkbibnamefirst is deprecated, please use \mkbibnameg
iven. Using \mkbibnamegiven.


Package biblatex Warning: \mkbibnamelast is deprecated, please use \mkbibnamefa
mily. Using \mkbibnamefamily.


Package biblatex Warning: \mkbibnameaffix is deprecated, please use \mkbibnames
uffix. Using \mkbibnamesuffix.


Package biblatex Warning: \mkbibnamefirst is deprecated, please use \mkbibnameg
iven. Using \mkbibnamegiven.


Package biblatex Warning: \mkbibnamelast is deprecated, please use \mkbibnamefa
mily. Using \mkbibnamefamily.


Package biblatex Warning: \mkbibnameaffix is deprecated, please use \mkbibnames
uffix. Using \mkbibnamesuffix.


Package biblatex Warning: \mkbibnamefirst is deprecated, please use \mkbibnameg
iven. Using \mkbibnamegiven.


Package biblatex Warning: \mkbibnamelast is deprecated, please use \mkbibnamefa
mily. Using \mkbibnamefamily.


Package biblatex Warning: \mkbibnameaffix is deprecated, please use \mkbibnames
uffix. Using \mkbibnamesuffix.


Package biblatex Warning: \mkbibnamefirst is deprecated, please use \mkbibnameg
iven. Using \mkbibnamegiven.


Package biblatex Warning: \mkbibnamelast is deprecated, please use \mkbibnamefa
mily. Using \mkbibnamefamily.


Package biblatex Warning: \mkbibnameaffix is deprecated, please use \mkbibnames
uffix. Using \mkbibnamesuffix.


Package biblatex Warning: \mkbibnamefirst is deprecated, please use \mkbibnameg
iven. Using \mkbibnamegiven.


Package biblatex Warning: \mkbibnamelast is deprecated, please use \mkbibnamefa
mily. Using \mkbibnamefamily.


Package biblatex Warning: \mkbibnameaffix is deprecated, please use \mkbibnames
uffix. Using \mkbibnamesuffix.


Package biblatex Warning: \mkbibnamefirst is deprecated, please use \mkbibnameg
iven. Using \mkbibnamegiven.


Package biblatex Warning: \mkbibnamelast is deprecated, please use \mkbibnamefa
mily. Using \mkbibnamefamily.


Package biblatex Warning: \mkbibnameaffix is deprecated, please use \mkbibnames
uffix. Using \mkbibnamesuffix.


Package biblatex Warning: \mkbibnamefirst is deprecated, please use \mkbibnameg
iven. Using \mkbibnamegiven.


Package biblatex Warning: \mkbibnamelast is deprecated, please use \mkbibnamefa
mily. Using \mkbibnamefamily.


Package biblatex Warning: \mkbibnameaffix is deprecated, please use \mkbibnames
uffix. Using \mkbibnamesuffix.


Package biblatex Warning: \mkbibnamefirst is deprecated, please use \mkbibnameg
iven. Using \mkbibnamegiven.


Package biblatex Warning: \mkbibnamelast is deprecated, please use \mkbibnamefa
mily. Using \mkbibnamefamily.


Package biblatex Warning: \mkbibnameaffix is deprecated, please use \mkbibnames
uffix. Using \mkbibnamesuffix.


Package biblatex Warning: \mkbibnamefirst is deprecated, please use \mkbibnameg
iven. Using \mkbibnamegiven.


Package biblatex Warning: \mkbibnamelast is deprecated, please use \mkbibnamefa
mily. Using \mkbibnamefamily.


Package biblatex Warning: \mkbibnameaffix is deprecated, please use \mkbibnames
uffix. Using \mkbibnamesuffix.


Package biblatex Warning: \mkbibnamefirst is deprecated, please use \mkbibnameg
iven. Using \mkbibnamegiven.


Package biblatex Warning: \mkbibnamelast is deprecated, please use \mkbibnamefa
mily. Using \mkbibnamefamily.


Package biblatex Warning: \mkbibnameaffix is deprecated, please use \mkbibnames
uffix. Using \mkbibnamesuffix.


Package biblatex Warning: \mkbibnamefirst is deprecated, please use \mkbibnameg
iven. Using \mkbibnamegiven.


Package biblatex Warning: \mkbibnamelast is deprecated, please use \mkbibnamefa
mily. Using \mkbibnamefamily.


Package biblatex Warning: \mkbibnameaffix is deprecated, please use \mkbibnames
uffix. Using \mkbibnamesuffix.


Package biblatex Warning: \mkbibnamefirst is deprecated, please use \mkbibnameg
iven. Using \mkbibnamegiven.


Package biblatex Warning: \mkbibnamelast is deprecated, please use \mkbibnamefa
mily. Using \mkbibnamefamily.


Package biblatex Warning: \mkbibnameaffix is deprecated, please use \mkbibnames
uffix. Using \mkbibnamesuffix.


Package biblatex Warning: \mkbibnamefirst is deprecated, please use \mkbibnameg
iven. Using \mkbibnamegiven.


Package biblatex Warning: \mkbibnamelast is deprecated, please use \mkbibnamefa
mily. Using \mkbibnamefamily.


Package biblatex Warning: \mkbibnameaffix is deprecated, please use \mkbibnames
uffix. Using \mkbibnamesuffix.


Package biblatex Warning: \mkbibnamefirst is deprecated, please use \mkbibnameg
iven. Using \mkbibnamegiven.


Package biblatex Warning: \mkbibnamelast is deprecated, please use \mkbibnamefa
mily. Using \mkbibnamefamily.


Package biblatex Warning: \mkbibnameaffix is deprecated, please use \mkbibnames
uffix. Using \mkbibnamesuffix.


Package biblatex Warning: \mkbibnamefirst is deprecated, please use \mkbibnameg
iven. Using \mkbibnamegiven.


Package biblatex Warning: \mkbibnamelast is deprecated, please use \mkbibnamefa
mily. Using \mkbibnamefamily.


Package biblatex Warning: \mkbibnameaffix is deprecated, please use \mkbibnames
uffix. Using \mkbibnamesuffix.


Package biblatex Warning: \mkbibnamefirst is deprecated, please use \mkbibnameg
iven. Using \mkbibnamegiven.


Package biblatex Warning: \mkbibnamelast is deprecated, please use \mkbibnamefa
mily. Using \mkbibnamefamily.


Package biblatex Warning: \mkbibnameaffix is deprecated, please use \mkbibnames
uffix. Using \mkbibnamesuffix.


Package biblatex Warning: \mkbibnamefirst is deprecated, please use \mkbibnameg
iven. Using \mkbibnamegiven.


Package biblatex Warning: \mkbibnamelast is deprecated, please use \mkbibnamefa
mily. Using \mkbibnamefamily.


Package biblatex Warning: \mkbibnameaffix is deprecated, please use \mkbibnames
uffix. Using \mkbibnamesuffix.


Package biblatex Warning: \mkbibnamefirst is deprecated, please use \mkbibnameg
iven. Using \mkbibnamegiven.


Package biblatex Warning: \mkbibnamelast is deprecated, please use \mkbibnamefa
mily. Using \mkbibnamefamily.


Package biblatex Warning: \mkbibnameaffix is deprecated, please use \mkbibnames
uffix. Using \mkbibnamesuffix.


Package biblatex Warning: \mkbibnamefirst is deprecated, please use \mkbibnameg
iven. Using \mkbibnamegiven.


Package biblatex Warning: \mkbibnamelast is deprecated, please use \mkbibnamefa
mily. Using \mkbibnamefamily.


Package biblatex Warning: \mkbibnameaffix is deprecated, please use \mkbibnames
uffix. Using \mkbibnamesuffix.


Package biblatex Warning: \mkbibnamefirst is deprecated, please use \mkbibnameg
iven. Using \mkbibnamegiven.


Package biblatex Warning: \mkbibnamelast is deprecated, please use \mkbibnamefa
mily. Using \mkbibnamefamily.


Package biblatex Warning: \mkbibnameaffix is deprecated, please use \mkbibnames
uffix. Using \mkbibnamesuffix.


Package biblatex Warning: \mkbibnamefirst is deprecated, please use \mkbibnameg
iven. Using \mkbibnamegiven.


Package biblatex Warning: \mkbibnamelast is deprecated, please use \mkbibnamefa
mily. Using \mkbibnamefamily.


Package biblatex Warning: \mkbibnameaffix is deprecated, please use \mkbibnames
uffix. Using \mkbibnamesuffix.


Package biblatex Warning: \mkbibnamefirst is deprecated, please use \mkbibnameg
iven. Using \mkbibnamegiven.


Package biblatex Warning: \mkbibnamelast is deprecated, please use \mkbibnamefa
mily. Using \mkbibnamefamily.


Package biblatex Warning: \mkbibnameaffix is deprecated, please use \mkbibnames
uffix. Using \mkbibnamesuffix.


Package biblatex Warning: \mkbibnamefirst is deprecated, please use \mkbibnameg
iven. Using \mkbibnamegiven.


Package biblatex Warning: \mkbibnamelast is deprecated, please use \mkbibnamefa
mily. Using \mkbibnamefamily.


Package biblatex Warning: \mkbibnameaffix is deprecated, please use \mkbibnames
uffix. Using \mkbibnamesuffix.


Package biblatex Warning: \mkbibnamefirst is deprecated, please use \mkbibnameg
iven. Using \mkbibnamegiven.


Package biblatex Warning: \mkbibnamelast is deprecated, please use \mkbibnamefa
mily. Using \mkbibnamefamily.


Package biblatex Warning: \mkbibnameaffix is deprecated, please use \mkbibnames
uffix. Using \mkbibnamesuffix.

[8]

Package biblatex Warning: \mkbibnamefirst is deprecated, please use \mkbibnameg
iven. Using \mkbibnamegiven.


Package biblatex Warning: \mkbibnamelast is deprecated, please use \mkbibnamefa
mily. Using \mkbibnamefamily.


Package biblatex Warning: \mkbibnameaffix is deprecated, please use \mkbibnames
uffix. Using \mkbibnamesuffix.


Package biblatex Warning: \mkbibnamefirst is deprecated, please use \mkbibnameg
iven. Using \mkbibnamegiven.


Package biblatex Warning: \mkbibnamelast is deprecated, please use \mkbibnamefa
mily. Using \mkbibnamefamily.


Package biblatex Warning: \mkbibnameaffix is deprecated, please use \mkbibnames
uffix. Using \mkbibnamesuffix.


Package biblatex Warning: \mkbibnamefirst is deprecated, please use \mkbibnameg
iven. Using \mkbibnamegiven.


Package biblatex Warning: \mkbibnamelast is deprecated, please use \mkbibnamefa
mily. Using \mkbibnamefamily.


Package biblatex Warning: \mkbibnameaffix is deprecated, please use \mkbibnames
uffix. Using \mkbibnamesuffix.


Package biblatex Warning: \mkbibnamefirst is deprecated, please use \mkbibnameg
iven. Using \mkbibnamegiven.


Package biblatex Warning: \mkbibnamelast is deprecated, please use \mkbibnamefa
mily. Using \mkbibnamefamily.


Package biblatex Warning: \mkbibnameaffix is deprecated, please use \mkbibnames
uffix. Using \mkbibnamesuffix.


Package biblatex Warning: \mkbibnamefirst is deprecated, please use \mkbibnameg
iven. Using \mkbibnamegiven.


Package biblatex Warning: \mkbibnamelast is deprecated, please use \mkbibnamefa
mily. Using \mkbibnamefamily.


Package biblatex Warning: \mkbibnameaffix is deprecated, please use \mkbibnames
uffix. Using \mkbibnamesuffix.


Package biblatex Warning: \mkbibnamefirst is deprecated, please use \mkbibnameg
iven. Using \mkbibnamegiven.


Package biblatex Warning: \mkbibnamelast is deprecated, please use \mkbibnamefa
mily. Using \mkbibnamefamily.


Package biblatex Warning: \mkbibnameaffix is deprecated, please use \mkbibnames
uffix. Using \mkbibnamesuffix.


Package biblatex Warning: \mkbibnamefirst is deprecated, please use \mkbibnameg
iven. Using \mkbibnamegiven.


Package biblatex Warning: \mkbibnamelast is deprecated, please use \mkbibnamefa
mily. Using \mkbibnamefamily.


Package biblatex Warning: \mkbibnameaffix is deprecated, please use \mkbibnames
uffix. Using \mkbibnamesuffix.


Package biblatex Warning: \mkbibnamefirst is deprecated, please use \mkbibnameg
iven. Using \mkbibnamegiven.


Package biblatex Warning: \mkbibnamelast is deprecated, please use \mkbibnamefa
mily. Using \mkbibnamefamily.


Package biblatex Warning: \mkbibnameaffix is deprecated, please use \mkbibnames
uffix. Using \mkbibnamesuffix.


Package biblatex Warning: \mkbibnamefirst is deprecated, please use \mkbibnameg
iven. Using \mkbibnamegiven.


Package biblatex Warning: \mkbibnamelast is deprecated, please use \mkbibnamefa
mily. Using \mkbibnamefamily.


Package biblatex Warning: \mkbibnameaffix is deprecated, please use \mkbibnames
uffix. Using \mkbibnamesuffix.


Package biblatex Warning: \mkbibnamefirst is deprecated, please use \mkbibnameg
iven. Using \mkbibnamegiven.


Package biblatex Warning: \mkbibnamelast is deprecated, please use \mkbibnamefa
mily. Using \mkbibnamefamily.


Package biblatex Warning: \mkbibnameaffix is deprecated, please use \mkbibnames
uffix. Using \mkbibnamesuffix.


Package biblatex Warning: \mkbibnamefirst is deprecated, please use \mkbibnameg
iven. Using \mkbibnamegiven.


Package biblatex Warning: \mkbibnamelast is deprecated, please use \mkbibnamefa
mily. Using \mkbibnamefamily.


Package biblatex Warning: \mkbibnameaffix is deprecated, please use \mkbibnames
uffix. Using \mkbibnamesuffix.


Package biblatex Warning: \mkbibnamefirst is deprecated, please use \mkbibnameg
iven. Using \mkbibnamegiven.


Package biblatex Warning: \mkbibnamelast is deprecated, please use \mkbibnamefa
mily. Using \mkbibnamefamily.


Package biblatex Warning: \mkbibnameaffix is deprecated, please use \mkbibnames
uffix. Using \mkbibnamesuffix.


Package biblatex Warning: \mkbibnamefirst is deprecated, please use \mkbibnameg
iven. Using \mkbibnamegiven.


Package biblatex Warning: \mkbibnamelast is deprecated, please use \mkbibnamefa
mily. Using \mkbibnamefamily.


Package biblatex Warning: \mkbibnameaffix is deprecated, please use \mkbibnames
uffix. Using \mkbibnamesuffix.


Package biblatex Warning: \mkbibnamefirst is deprecated, please use \mkbibnameg
iven. Using \mkbibnamegiven.


Package biblatex Warning: \mkbibnamelast is deprecated, please use \mkbibnamefa
mily. Using \mkbibnamefamily.


Package biblatex Warning: \mkbibnameaffix is deprecated, please use \mkbibnames
uffix. Using \mkbibnamesuffix.


Package biblatex Warning: \mkbibnamefirst is deprecated, please use \mkbibnameg
iven. Using \mkbibnamegiven.


Package biblatex Warning: \mkbibnamelast is deprecated, please use \mkbibnamefa
mily. Using \mkbibnamefamily.


Package biblatex Warning: \mkbibnameaffix is deprecated, please use \mkbibnames
uffix. Using \mkbibnamesuffix.


Package biblatex Warning: \mkbibnamefirst is deprecated, please use \mkbibnameg
iven. Using \mkbibnamegiven.


Package biblatex Warning: \mkbibnamelast is deprecated, please use \mkbibnamefa
mily. Using \mkbibnamefamily.


Package biblatex Warning: \mkbibnameaffix is deprecated, please use \mkbibnames
uffix. Using \mkbibnamesuffix.


Package biblatex Warning: \mkbibnamefirst is deprecated, please use \mkbibnameg
iven. Using \mkbibnamegiven.


Package biblatex Warning: \mkbibnamelast is deprecated, please use \mkbibnamefa
mily. Using \mkbibnamefamily.


Package biblatex Warning: \mkbibnameaffix is deprecated, please use \mkbibnames
uffix. Using \mkbibnamesuffix.


Package biblatex Warning: \mkbibnamefirst is deprecated, please use \mkbibnameg
iven. Using \mkbibnamegiven.


Package biblatex Warning: \mkbibnamelast is deprecated, please use \mkbibnamefa
mily. Using \mkbibnamefamily.


Package biblatex Warning: \mkbibnameaffix is deprecated, please use \mkbibnames
uffix. Using \mkbibnamesuffix.


Package biblatex Warning: \mkbibnamefirst is deprecated, please use \mkbibnameg
iven. Using \mkbibnamegiven.


Package biblatex Warning: \mkbibnamelast is deprecated, please use \mkbibnamefa
mily. Using \mkbibnamefamily.


Package biblatex Warning: \mkbibnameaffix is deprecated, please use \mkbibnames
uffix. Using \mkbibnamesuffix.


Package biblatex Warning: \mkbibnamefirst is deprecated, please use \mkbibnameg
iven. Using \mkbibnamegiven.


Package biblatex Warning: \mkbibnamelast is deprecated, please use \mkbibnamefa
mily. Using \mkbibnamefamily.


Package biblatex Warning: \mkbibnameaffix is deprecated, please use \mkbibnames
uffix. Using \mkbibnamesuffix.


Package biblatex Warning: \mkbibnamefirst is deprecated, please use \mkbibnameg
iven. Using \mkbibnamegiven.


Package biblatex Warning: \mkbibnamelast is deprecated, please use \mkbibnamefa
mily. Using \mkbibnamefamily.


Package biblatex Warning: \mkbibnameaffix is deprecated, please use \mkbibnames
uffix. Using \mkbibnamesuffix.


Package biblatex Warning: \mkbibnamefirst is deprecated, please use \mkbibnameg
iven. Using \mkbibnamegiven.


Package biblatex Warning: \mkbibnamelast is deprecated, please use \mkbibnamefa
mily. Using \mkbibnamefamily.


Package biblatex Warning: \mkbibnameaffix is deprecated, please use \mkbibnames
uffix. Using \mkbibnamesuffix.


Package biblatex Warning: \mkbibnamefirst is deprecated, please use \mkbibnameg
iven. Using \mkbibnamegiven.


Package biblatex Warning: \mkbibnamelast is deprecated, please use \mkbibnamefa
mily. Using \mkbibnamefamily.


Package biblatex Warning: \mkbibnameaffix is deprecated, please use \mkbibnames
uffix. Using \mkbibnamesuffix.


AED: lastpage setting LastPage
[9]
Package atveryend Info: Empty hook `BeforeClearDocument' on input line 356.
Package atveryend Info: Empty hook `AfterLastShipout' on input line 356.
 (./research_proposal.aux)
Package atveryend Info: Executing hook `AtVeryEndDocument' on input line 356.
Package atveryend Info: Executing hook `AtEndAfterFileList' on input line 356.
Package rerunfilecheck Info: File `research_proposal.out' has not changed.
(rerunfilecheck)             Checksum: 448B572D2ECD8C0498C2EC4AABA5894B;467.
Package logreq Info: Writing requests to 'research_proposal.run.xml'.
\openout1 = `research_proposal.run.xml'.

 ) 
Here is how much of TeX's memory you used:
 15112 strings out of 493014
 247998 string characters out of 6133351
 651869 words of memory out of 5000000
 18382 multiletter control sequences out of 15000+600000
 13907 words of font info for 40 fonts, out of 8000000 for 9000
 1141 hyphenation exceptions out of 8191
 47i,11n,70p,1961b,1190s stack positions out of 5000i,500n,10000p,200000b,80000s
{/usr/local/texlive/2016/texmf-dist/fonts/enc/dvips/cm-super/cm-super-t1.enc}
</usr/local/texlive/2016/texmf-dist/fonts/type1/public/amsfonts/cm/cmmi10.pfb><
/usr/local/texlive/2016/texmf-dist/fonts/type1/public/amsfonts/cm/cmr10.pfb></u
sr/local/texlive/2016/texmf-dist/fonts/type1/public/amsfonts/cm/cmr8.pfb></usr/
local/texlive/2016/texmf-dist/fonts/type1/public/amsfonts/cm/cmsy10.pfb></usr/l
ocal/texlive/2016/texmf-dist/fonts/type1/public/amsfonts/cm/cmsy8.pfb></usr/loc
al/texlive/2016/texmf-dist/fonts/type1/public/amsfonts/symbols/msam10.pfb></usr
/local/texlive/2016/texmf-dist/fonts/type1/public/cm-super/sfbx1200.pfb></usr/l
ocal/texlive/2016/texmf-dist/fonts/type1/public/cm-super/sfbx1440.pfb></usr/loc
al/texlive/2016/texmf-dist/fonts/type1/public/cm-super/sfrm0800.pfb></usr/local
/texlive/2016/texmf-dist/fonts/type1/public/cm-super/sfrm1095.pfb></usr/local/t
exlive/2016/texmf-dist/fonts/type1/public/cm-super/sfrm1200.pfb></usr/local/tex
live/2016/texmf-dist/fonts/type1/public/cm-super/sfti1095.pfb></usr/local/texli
ve/2016/texmf-dist/fonts/type1/public/cm-super/sftt1095.pfb>
Output written on research_proposal.pdf (9 pages, 1387182 bytes).
PDF statistics:
 294 PDF objects out of 1000 (max. 8388607)
 251 compressed objects within 3 object streams
 63 named destinations out of 1000 (max. 500000)
 69 words of extra memory for PDF output out of 10000 (max. 10000000)

